mode: atomic
github.com/rudderlabs/rudder-server/processor/processor.go:76.67,90.2 6 3
github.com/rudderlabs/rudder-server/processor/processor.go:93.30,94.28 1 0
github.com/rudderlabs/rudder-server/processor/processor.go:97.2,100.40 4 0
github.com/rudderlabs/rudder-server/processor/processor.go:103.2,104.39 2 0
github.com/rudderlabs/rudder-server/processor/processor.go:107.2,108.39 2 0
github.com/rudderlabs/rudder-server/processor/processor.go:111.2,112.44 2 0
github.com/rudderlabs/rudder-server/processor/processor.go:94.28,96.3 1 0
github.com/rudderlabs/rudder-server/processor/processor.go:100.40,102.3 1 0
github.com/rudderlabs/rudder-server/processor/processor.go:104.39,106.3 1 0
github.com/rudderlabs/rudder-server/processor/processor.go:108.39,110.3 1 0
github.com/rudderlabs/rudder-server/processor/processor.go:112.44,114.3 1 0
github.com/rudderlabs/rudder-server/processor/processor.go:117.13,120.2 2 1
github.com/rudderlabs/rudder-server/processor/processor.go:123.30,129.2 1 0
github.com/rudderlabs/rudder-server/processor/processor.go:132.164,167.21 32 1
github.com/rudderlabs/rudder-server/processor/processor.go:170.2,174.26 3 1
github.com/rudderlabs/rudder-server/processor/processor.go:167.21,169.3 1 1
github.com/rudderlabs/rudder-server/processor/processor.go:174.26,176.22 2 0
github.com/rudderlabs/rudder-server/processor/processor.go:176.22,178.4 1 0
github.com/rudderlabs/rudder-server/processor/processor.go:183.30,184.21 1 0
github.com/rudderlabs/rudder-server/processor/processor.go:184.21,186.3 1 0
github.com/rudderlabs/rudder-server/processor/processor.go:207.19,220.2 11 1
github.com/rudderlabs/rudder-server/processor/processor.go:222.48,225.6 3 1
github.com/rudderlabs/rudder-server/processor/processor.go:225.6,232.42 7 2
github.com/rudderlabs/rudder-server/processor/processor.go:245.3,245.32 1 1
github.com/rudderlabs/rudder-server/processor/processor.go:232.42,233.22 1 2
github.com/rudderlabs/rudder-server/processor/processor.go:233.22,235.53 2 1
github.com/rudderlabs/rudder-server/processor/processor.go:235.53,239.13 4 3
github.com/rudderlabs/rudder-server/processor/processor.go:239.13,241.7 1 3
github.com/rudderlabs/rudder-server/processor/processor.go:249.64,257.30 4 0
github.com/rudderlabs/rudder-server/processor/processor.go:317.2,317.29 1 0
github.com/rudderlabs/rudder-server/processor/processor.go:341.2,341.26 1 0
github.com/rudderlabs/rudder-server/processor/processor.go:257.30,260.10 2 0
github.com/rudderlabs/rudder-server/processor/processor.go:265.3,266.10 2 0
github.com/rudderlabs/rudder-server/processor/processor.go:272.3,275.10 3 0
github.com/rudderlabs/rudder-server/processor/processor.go:280.3,282.10 3 0
github.com/rudderlabs/rudder-server/processor/processor.go:286.3,289.68 3 0
github.com/rudderlabs/rudder-server/processor/processor.go:294.3,296.42 3 0
github.com/rudderlabs/rudder-server/processor/processor.go:299.3,300.10 2 0
github.com/rudderlabs/rudder-server/processor/processor.go:260.10,263.12 2 0
github.com/rudderlabs/rudder-server/processor/processor.go:266.10,268.12 2 0
github.com/rudderlabs/rudder-server/processor/processor.go:275.10,278.4 2 0
github.com/rudderlabs/rudder-server/processor/processor.go:282.10,284.4 1 0
github.com/rudderlabs/rudder-server/processor/processor.go:289.68,291.4 1 0
github.com/rudderlabs/rudder-server/processor/processor.go:296.42,298.4 1 0
github.com/rudderlabs/rudder-server/processor/processor.go:300.10,308.4 3 0
github.com/rudderlabs/rudder-server/processor/processor.go:308.9,309.26 1 0
github.com/rudderlabs/rudder-server/processor/processor.go:312.4,312.44 1 0
github.com/rudderlabs/rudder-server/processor/processor.go:309.26,310.44 1 0
github.com/rudderlabs/rudder-server/processor/processor.go:317.29,326.38 6 0
github.com/rudderlabs/rudder-server/processor/processor.go:334.3,339.9 5 0
github.com/rudderlabs/rudder-server/processor/processor.go:326.38,333.4 6 0
github.com/rudderlabs/rudder-server/processor/processor.go:344.156,349.31 4 0
github.com/rudderlabs/rudder-server/processor/processor.go:357.2,360.33 4 0
github.com/rudderlabs/rudder-server/processor/processor.go:372.2,372.47 1 0
github.com/rudderlabs/rudder-server/processor/processor.go:377.2,379.37 2 0
github.com/rudderlabs/rudder-server/processor/processor.go:382.2,382.39 1 0
github.com/rudderlabs/rudder-server/processor/processor.go:385.2,385.36 1 0
github.com/rudderlabs/rudder-server/processor/processor.go:392.2,392.25 1 0
github.com/rudderlabs/rudder-server/processor/processor.go:397.2,397.57 1 0
github.com/rudderlabs/rudder-server/processor/processor.go:349.31,350.40 1 0
github.com/rudderlabs/rudder-server/processor/processor.go:350.40,353.4 2 0
github.com/rudderlabs/rudder-server/processor/processor.go:360.33,363.44 2 0
github.com/rudderlabs/rudder-server/processor/processor.go:368.3,369.42 2 0
github.com/rudderlabs/rudder-server/processor/processor.go:363.44,366.4 2 0
github.com/rudderlabs/rudder-server/processor/processor.go:372.47,373.112 1 0
github.com/rudderlabs/rudder-server/processor/processor.go:379.37,380.92 1 0
github.com/rudderlabs/rudder-server/processor/processor.go:382.39,383.96 1 0
github.com/rudderlabs/rudder-server/processor/processor.go:385.36,387.10 2 0
github.com/rudderlabs/rudder-server/processor/processor.go:390.3,390.31 1 0
github.com/rudderlabs/rudder-server/processor/processor.go:387.10,388.69 1 0
github.com/rudderlabs/rudder-server/processor/processor.go:392.25,393.62 1 0
github.com/rudderlabs/rudder-server/processor/processor.go:405.102,409.52 3 0
github.com/rudderlabs/rudder-server/processor/processor.go:412.2,412.38 1 0
github.com/rudderlabs/rudder-server/processor/processor.go:426.2,426.37 1 0
github.com/rudderlabs/rudder-server/processor/processor.go:409.52,410.122 1 0
github.com/rudderlabs/rudder-server/processor/processor.go:412.38,415.42 2 0
github.com/rudderlabs/rudder-server/processor/processor.go:415.42,419.16 2 0
github.com/rudderlabs/rudder-server/processor/processor.go:419.16,421.5 1 0
github.com/rudderlabs/rudder-server/processor/processor.go:421.10,423.5 1 0
github.com/rudderlabs/rudder-server/processor/processor.go:429.39,431.6 2 0
github.com/rudderlabs/rudder-server/processor/processor.go:431.6,434.32 2 0
github.com/rudderlabs/rudder-server/processor/processor.go:440.3,443.80 3 0
github.com/rudderlabs/rudder-server/processor/processor.go:451.3,455.7 4 0
github.com/rudderlabs/rudder-server/processor/processor.go:484.3,486.33 3 0
github.com/rudderlabs/rudder-server/processor/processor.go:434.32,437.12 3 0
github.com/rudderlabs/rudder-server/processor/processor.go:443.80,448.12 5 0
github.com/rudderlabs/rudder-server/processor/processor.go:455.7,456.33 1 0
github.com/rudderlabs/rudder-server/processor/processor.go:459.4,460.81 2 0
github.com/rudderlabs/rudder-server/processor/processor.go:482.4,482.9 1 0
github.com/rudderlabs/rudder-server/processor/processor.go:456.33,457.10 1 0
github.com/rudderlabs/rudder-server/processor/processor.go:460.81,463.38 3 0
github.com/rudderlabs/rudder-server/processor/processor.go:466.5,480.13 9 0
github.com/rudderlabs/rudder-server/processor/processor.go:463.38,464.91 1 0
github.com/rudderlabs/rudder-server/processor/processor.go:486.33,490.4 3 0
github.com/rudderlabs/rudder-server/processor/processor.go:494.105,498.56 4 0
github.com/rudderlabs/rudder-server/processor/processor.go:504.2,504.21 1 0
github.com/rudderlabs/rudder-server/processor/processor.go:498.56,500.107 2 0
github.com/rudderlabs/rudder-server/processor/processor.go:500.107,502.4 1 0
github.com/rudderlabs/rudder-server/processor/processor.go:507.99,511.56 4 0
github.com/rudderlabs/rudder-server/processor/processor.go:516.2,516.21 1 0
github.com/rudderlabs/rudder-server/processor/processor.go:511.56,512.73 1 0
github.com/rudderlabs/rudder-server/processor/processor.go:512.73,514.4 1 0
github.com/rudderlabs/rudder-server/processor/processor.go:519.105,523.63 4 0
github.com/rudderlabs/rudder-server/processor/processor.go:528.2,528.32 1 0
github.com/rudderlabs/rudder-server/processor/processor.go:523.63,524.26 1 0
github.com/rudderlabs/rudder-server/processor/processor.go:524.26,526.4 1 0
github.com/rudderlabs/rudder-server/processor/processor.go:531.80,534.31 3 0
github.com/rudderlabs/rudder-server/processor/processor.go:545.2,545.18 1 0
github.com/rudderlabs/rudder-server/processor/processor.go:534.31,536.17 2 0
github.com/rudderlabs/rudder-server/processor/processor.go:539.3,539.32 1 0
github.com/rudderlabs/rudder-server/processor/processor.go:536.17,538.4 1 0
github.com/rudderlabs/rudder-server/processor/processor.go:539.32,541.4 1 0
github.com/rudderlabs/rudder-server/processor/processor.go:542.8,544.3 1 0
github.com/rudderlabs/rudder-server/processor/processor.go:548.127,558.2 6 0
github.com/rudderlabs/rudder-server/processor/processor.go:561.129,570.27 8 0
github.com/rudderlabs/rudder-server/processor/processor.go:573.2,573.63 1 0
github.com/rudderlabs/rudder-server/processor/processor.go:576.2,576.27 1 0
github.com/rudderlabs/rudder-server/processor/processor.go:570.27,572.3 1 0
github.com/rudderlabs/rudder-server/processor/processor.go:573.63,575.3 1 0
github.com/rudderlabs/rudder-server/processor/processor.go:579.66,581.2 1 0
github.com/rudderlabs/rudder-server/processor/processor.go:583.78,586.2 2 0
github.com/rudderlabs/rudder-server/processor/processor.go:588.107,597.71 6 0
github.com/rudderlabs/rudder-server/processor/processor.go:608.2,613.39 4 0
github.com/rudderlabs/rudder-server/processor/processor.go:699.2,706.54 4 0
github.com/rudderlabs/rudder-server/processor/processor.go:801.2,802.37 2 0
github.com/rudderlabs/rudder-server/processor/processor.go:806.2,809.23 3 0
github.com/rudderlabs/rudder-server/processor/processor.go:813.2,813.28 1 0
github.com/rudderlabs/rudder-server/processor/processor.go:818.2,831.24 10 0
github.com/rudderlabs/rudder-server/processor/processor.go:597.71,598.129 1 0
github.com/rudderlabs/rudder-server/processor/processor.go:613.39,617.29 3 0
github.com/rudderlabs/rudder-server/processor/processor.go:623.3,627.9 4 0
github.com/rudderlabs/rudder-server/processor/processor.go:687.3,696.46 2 0
github.com/rudderlabs/rudder-server/processor/processor.go:617.29,619.4 1 0
github.com/rudderlabs/rudder-server/processor/processor.go:619.9,622.4 2 0
github.com/rudderlabs/rudder-server/processor/processor.go:627.9,629.49 1 0
github.com/rudderlabs/rudder-server/processor/processor.go:629.49,638.35 4 0
github.com/rudderlabs/rudder-server/processor/processor.go:642.5,643.47 2 0
github.com/rudderlabs/rudder-server/processor/processor.go:638.35,640.14 2 0
github.com/rudderlabs/rudder-server/processor/processor.go:643.47,645.24 2 0
github.com/rudderlabs/rudder-server/processor/processor.go:650.6,653.58 2 0
github.com/rudderlabs/rudder-server/processor/processor.go:645.24,647.7 1 0
github.com/rudderlabs/rudder-server/processor/processor.go:647.12,649.7 1 0
github.com/rudderlabs/rudder-server/processor/processor.go:653.58,663.60 4 0
github.com/rudderlabs/rudder-server/processor/processor.go:667.7,676.14 7 0
github.com/rudderlabs/rudder-server/processor/processor.go:679.7,680.25 1 0
github.com/rudderlabs/rudder-server/processor/processor.go:663.60,665.8 1 0
github.com/rudderlabs/rudder-server/processor/processor.go:676.14,678.8 1 0
github.com/rudderlabs/rudder-server/processor/processor.go:706.54,723.28 13 0
github.com/rudderlabs/rudder-server/processor/processor.go:753.3,760.24 7 0
github.com/rudderlabs/rudder-server/processor/processor.go:764.3,767.52 2 0
github.com/rudderlabs/rudder-server/processor/processor.go:723.28,725.28 2 0
github.com/rudderlabs/rudder-server/processor/processor.go:738.4,738.57 1 0
github.com/rudderlabs/rudder-server/processor/processor.go:748.4,748.72 1 0
github.com/rudderlabs/rudder-server/processor/processor.go:725.28,732.5 3 0
github.com/rudderlabs/rudder-server/processor/processor.go:732.10,737.5 3 0
github.com/rudderlabs/rudder-server/processor/processor.go:738.57,747.5 3 0
github.com/rudderlabs/rudder-server/processor/processor.go:749.9,752.4 2 0
github.com/rudderlabs/rudder-server/processor/processor.go:760.24,762.12 2 0
github.com/rudderlabs/rudder-server/processor/processor.go:767.52,771.18 2 0
github.com/rudderlabs/rudder-server/processor/processor.go:776.4,793.60 6 0
github.com/rudderlabs/rudder-server/processor/processor.go:771.18,772.13 1 0
github.com/rudderlabs/rudder-server/processor/processor.go:793.60,795.5 1 0
github.com/rudderlabs/rudder-server/processor/processor.go:795.10,797.5 1 0
github.com/rudderlabs/rudder-server/processor/processor.go:802.37,803.92 1 0
github.com/rudderlabs/rudder-server/processor/processor.go:809.23,812.3 2 0
github.com/rudderlabs/rudder-server/processor/processor.go:813.28,816.3 2 0
github.com/rudderlabs/rudder-server/processor/processor.go:836.54,851.46 9 0
github.com/rudderlabs/rudder-server/processor/processor.go:858.2,867.47 7 0
github.com/rudderlabs/rudder-server/processor/processor.go:871.2,873.26 2 0
github.com/rudderlabs/rudder-server/processor/processor.go:893.2,895.13 2 0
github.com/rudderlabs/rudder-server/processor/processor.go:851.46,855.3 3 0
github.com/rudderlabs/rudder-server/processor/processor.go:867.47,869.3 1 0
github.com/rudderlabs/rudder-server/processor/processor.go:873.26,876.43 2 0
github.com/rudderlabs/rudder-server/processor/processor.go:888.3,889.39 2 0
github.com/rudderlabs/rudder-server/processor/processor.go:876.43,887.4 2 0
github.com/rudderlabs/rudder-server/processor/processor.go:890.8,892.3 1 0
github.com/rudderlabs/rudder-server/processor/processor.go:898.33,905.6 4 0
github.com/rudderlabs/rudder-server/processor/processor.go:905.6,906.38 1 0
github.com/rudderlabs/rudder-server/processor/processor.go:906.38,908.36 2 0
github.com/rudderlabs/rudder-server/processor/processor.go:912.4,912.29 1 0
github.com/rudderlabs/rudder-server/processor/processor.go:908.36,910.5 1 0
github.com/rudderlabs/rudder-server/processor/processor.go:913.9,915.4 1 0
github.com/rudderlabs/rudder-server/processor/processor.go:919.37,921.6 1 1
github.com/rudderlabs/rudder-server/processor/processor.go:921.6,924.25 2 1
github.com/rudderlabs/rudder-server/processor/processor.go:927.3,931.32 3 0
github.com/rudderlabs/rudder-server/processor/processor.go:943.3,943.79 1 0
github.com/rudderlabs/rudder-server/processor/processor.go:924.25,925.9 1 1
github.com/rudderlabs/rudder-server/processor/processor.go:931.32,942.4 2 0
github.com/rudderlabs/rudder-server/processor/priorityqueue.go:20.25,20.43 1 0
github.com/rudderlabs/rudder-server/processor/priorityqueue.go:22.35,24.2 1 0
github.com/rudderlabs/rudder-server/processor/priorityqueue.go:26.30,30.2 3 0
github.com/rudderlabs/rudder-server/processor/priorityqueue.go:32.36,37.2 4 0
github.com/rudderlabs/rudder-server/processor/priorityqueue.go:39.34,46.2 6 0
github.com/rudderlabs/rudder-server/processor/priorityqueue.go:48.31,51.2 2 0
github.com/rudderlabs/rudder-server/processor/priorityqueue.go:53.38,55.2 1 0
github.com/rudderlabs/rudder-server/processor/priorityqueue.go:57.55,60.2 2 0
github.com/rudderlabs/rudder-server/processor/priorityqueue.go:62.35,64.2 1 0
github.com/rudderlabs/rudder-server/processor/priorityqueue.go:66.24,67.24 1 0
github.com/rudderlabs/rudder-server/processor/priorityqueue.go:67.24,69.3 1 0
